#
# A fatal error has been detected by the Java Runtime Environment:
#
#  SIGSEGV (0xb) at pc=0x0000000125ac6e43, pid=4459, tid=54535
#
# JRE version: Java(TM) SE Runtime Environment (8.0_91-b14) (build 1.8.0_91-b14)
# Java VM: Java HotSpot(TM) 64-Bit Server VM (25.91-b14 mixed mode bsd-amd64 compressed oops)
# Problematic frame:
# C  [libawt_lwawt.dylib+0x1ae43]  OGLSD_SetScratchSurface+0x49
#
# Failed to write core dump. Core dumps have been disabled. To enable core dumping, try "ulimit -c unlimited" before starting Java again
#
# If you would like to submit a bug report, please visit:
#   http://bugreport.java.com/bugreport/crash.jsp
# The crash happened outside the Java Virtual Machine in native code.
# See problematic frame for where to report the bug.
#

---------------  T H R E A D  ---------------

Current thread (0x00007fc9991db800):  JavaThread "Java2D Queue Flusher" daemon [_thread_in_native, id=54535, stack(0x000000012a239000,0x000000012a339000)]

siginfo: si_signo: 11 (SIGSEGV), si_code: 1 (SEGV_MAPERR), si_addr: 0x0000000000000002

Registers:
RAX=0x0000000125ae73a2, RBX=0x0000000000000002, RCX=0x0000000000000047, RDX=0x0000000125ae78ec
RSP=0x000000012a338760, RBP=0x000000012a338780, RSI=0x00007fc999b545f0, RDI=0x00007fc9991db9f8
R8 =0x000000012a3386c0, R9 =0x0000000000000060, R10=0x0000000107aae9a8, R11=0x0000000106ede357
R12=0x0000000000000000, R13=0x00000001210afe78, R14=0x00007fc9991db9f8, R15=0x00007fc9991db800
RIP=0x0000000125ac6e43, EFLAGS=0x0000000000010202, ERR=0x0000000000000004
  TRAPNO=0x000000000000000e

Top of Stack: (sp=0x000000012a338760)
0x000000012a338760:   00007fc999b545f0 0000000000000000
0x000000012a338770:   00007fc9988ed010 00007fc9991db800
0x000000012a338780:   000000012a338800 0000000125ae73ca
0x000000012a338790:   00007fc9991db800 000000000000db17
0x000000012a3387a0:   00007fc998464900 0000000200000001
0x000000012a3387b0:   000000003f800000 0000000000000000
0x000000012a3387c0:   0000000000000000 00007fc9988ed020
0x000000012a3387d0:   0000000000800000 00007fc9991db9f8
0x000000012a3387e0:   00000001210afe78 0000000000000000
0x000000012a3387f0:   000000012a3388a8 00007fc9991db800
0x000000012a338800:   000000012a338870 0000000107aae9d4
0x000000012a338810:   00007fc9991db800 00007fc998464448
0x000000012a338820:   000000012a338850 0000000106f30c00
0x000000012a338830:   000000012a338830 0000000000000000
0x000000012a338840:   000000012a3388a8 00000001210b0f10
0x000000012a338850:   0000000000000000 00000001210afe78
0x000000012a338860:   0000000000000000 000000012a338890
0x000000012a338870:   000000012a3388f0 0000000107a9f2bd
0x000000012a338880:   0000000000000000 0000000107aa8538
0x000000012a338890:   0000000000000020 00007fc9988ed000
0x000000012a3388a0:   000000076eb0c448 000000076eb0c430
0x000000012a3388b0:   000000012a3388b0 00000001210aff25
0x000000012a3388c0:   000000012a338908 00000001210b0f10
0x000000012a3388d0:   000000012efbd720 00000001210aff48
0x000000012a3388e0:   000000012a338890 000000012a338910
0x000000012a3388f0:   000000076eb18000 0000000107ca08d0
0x000000012a338900:   0000000000000020 000000076eb0c430
0x000000012a338910:   00000001210b41e0 0000000100000000
0x000000012a338920:   000000076eb18000 0000000000000000
0x000000012a338930:   000000012a338960 000000012a3389d0
0x000000012a338940:   0000000000000001 0000000000000000
0x000000012a338950:   000000012a3389d0 0000000107a977a7 

Instructions: (pc=0x0000000125ac6e43)
0x0000000125ac6e23:   c0 e9 82 00 00 00 48 8b 5e 10 48 85 db 75 0e bf
0x0000000125ac6e33:   01 00 00 00 48 8d 15 fd 75 03 00 eb d6 49 89 fe
0x0000000125ac6e43:   4c 8b 3b 30 c0 e8 c5 a2 02 00 49 8b 3f 49 89 c4
0x0000000125ac6e53:   48 8b 35 ae f7 05 00 30 c0 e8 cb a3 02 00 48 85 

Register to memory mapping:

RAX=0x0000000125ae73a2: Java_sun_java2d_opengl_OGLRenderQueue_flushBuffer+0x612 in /Library/Java/JavaVirtualMachines/jdk1.8.0_91.jdk/Contents/Home/jre/lib/libawt_lwawt.dylib at 0x0000000125aac000
RBX=0x0000000000000002 is an unknown value
RCX=0x0000000000000047 is an unknown value
RDX=0x0000000125ae78ec: Java_sun_java2d_opengl_OGLRenderQueue_flushBuffer+0xb5c in /Library/Java/JavaVirtualMachines/jdk1.8.0_91.jdk/Contents/Home/jre/lib/libawt_lwawt.dylib at 0x0000000125aac000
RSP=0x000000012a338760 is pointing into the stack for thread: 0x00007fc9991db800
RBP=0x000000012a338780 is pointing into the stack for thread: 0x00007fc9991db800
RSI=0x00007fc999b545f0 is an unknown value
RDI=0x00007fc9991db9f8 is an unknown value
R8 =0x000000012a3386c0 is pointing into the stack for thread: 0x00007fc9991db800
R9 =0x0000000000000060 is an unknown value
R10=0x0000000107aae9a8 is at code_begin+808 in an Interpreter codelet
method entry point (kind = native)  [0x0000000107aae680, 0x0000000107aaef80]  2304 bytes
R11=0x0000000106ede357: throw_unsatisfied_link_error+0 in /Library/Java/JavaVirtualMachines/jdk1.8.0_91.jdk/Contents/Home/jre/lib/server/libjvm.dylib at 0x0000000106a00000
R12=0x0000000000000000 is an unknown value
R13={method} {0x00000001210afe78} 'flushBuffer' '(JI)V' in 'sun/java2d/opengl/OGLRenderQueue'
R14=0x00007fc9991db9f8 is an unknown value
R15=0x00007fc9991db800 is a thread


Stack: [0x000000012a239000,0x000000012a339000],  sp=0x000000012a338760,  free space=1021k
Native frames: (J=compiled Java code, j=interpreted, Vv=VM code, C=native code)
C  [libawt_lwawt.dylib+0x1ae43]  OGLSD_SetScratchSurface+0x49
C  [libawt_lwawt.dylib+0x3b3ca]  Java_sun_java2d_opengl_OGLRenderQueue_flushBuffer+0x63a
j  sun.java2d.opengl.OGLRenderQueue.flushBuffer(JI)V+0
j  sun.java2d.opengl.OGLRenderQueue.flushBuffer()V+21
J 461% C2 sun.java2d.opengl.OGLRenderQueue$QueueFlusher.run()V (234 bytes) @ 0x0000000107ca08d0 [0x0000000107ca06e0+0x1f0]
v  ~StubRoutines::call_stub
V  [libjvm.dylib+0x2ec1e6]  JavaCalls::call_helper(JavaValue*, methodHandle*, JavaCallArguments*, Thread*)+0x6ae
V  [libjvm.dylib+0x2ec974]  JavaCalls::call_virtual(JavaValue*, KlassHandle, Symbol*, Symbol*, JavaCallArguments*, Thread*)+0x164
V  [libjvm.dylib+0x2ecb20]  JavaCalls::call_virtual(JavaValue*, Handle, KlassHandle, Symbol*, Symbol*, Thread*)+0x4a
V  [libjvm.dylib+0x34726d]  thread_entry(JavaThread*, Thread*)+0x7c
V  [libjvm.dylib+0x563d17]  JavaThread::thread_main_inner()+0x9b
V  [libjvm.dylib+0x565412]  JavaThread::run()+0x1c2
V  [libjvm.dylib+0x484f82]  java_start(Thread*)+0xf6
C  [libsystem_pthread.dylib+0x3268]  _pthread_body+0x83
C  [libsystem_pthread.dylib+0x31e5]  _pthread_body+0x0
C  [libsystem_pthread.dylib+0x141d]  thread_start+0xd
C  0x0000000000000000

Java frames: (J=compiled Java code, j=interpreted, Vv=VM code)
j  sun.java2d.opengl.OGLRenderQueue.flushBuffer(JI)V+0
j  sun.java2d.opengl.OGLRenderQueue.flushBuffer()V+21
J 461% C2 sun.java2d.opengl.OGLRenderQueue$QueueFlusher.run()V (234 bytes) @ 0x0000000107ca08d0 [0x0000000107ca06e0+0x1f0]
v  ~StubRoutines::call_stub

---------------  P R O C E S S  ---------------

Java Threads: ( => current thread )
  0x00007fc99b86c000 JavaThread "AWT-EventQueue-0" [_thread_blocked, id=59139, stack(0x000000012c4b4000,0x000000012c5b4000)]
  0x00007fc9988f6000 JavaThread "Java2D Disposer" daemon [_thread_blocked, id=56087, stack(0x000000012abbc000,0x000000012acbc000)]
=>0x00007fc9991db800 JavaThread "Java2D Queue Flusher" daemon [_thread_in_native, id=54535, stack(0x000000012a239000,0x000000012a339000)]
  0x00007fc9991b8800 JavaThread "AWT-Shutdown" [_thread_blocked, id=30739, stack(0x00000001271be000,0x00000001272be000)]
  0x00007fc9988da000 JavaThread "AppKit Thread" daemon [_thread_in_native, id=1811, stack(0x00007fff59b97000,0x00007fff5a397000)]
  0x00007fc99b807800 JavaThread "Monitor Ctrl-Break" daemon [_thread_in_native, id=21763, stack(0x00000001257d7000,0x00000001258d7000)]
  0x00007fc998824800 JavaThread "Service Thread" daemon [_thread_blocked, id=20739, stack(0x0000000125485000,0x0000000125585000)]
  0x00007fc99c005800 JavaThread "C1 CompilerThread3" daemon [_thread_blocked, id=20227, stack(0x0000000125382000,0x0000000125482000)]
  0x00007fc99881f000 JavaThread "C2 CompilerThread2" daemon [_thread_blocked, id=19715, stack(0x000000012527f000,0x000000012537f000)]
  0x00007fc99881e800 JavaThread "C2 CompilerThread1" daemon [_thread_blocked, id=19203, stack(0x000000012517c000,0x000000012527c000)]
  0x00007fc99881a800 JavaThread "C2 CompilerThread0" daemon [_thread_blocked, id=18691, stack(0x0000000125079000,0x0000000125179000)]
  0x00007fc998819800 JavaThread "Signal Dispatcher" daemon [_thread_blocked, id=15631, stack(0x0000000124f76000,0x0000000125076000)]
  0x00007fc99c806000 JavaThread "Finalizer" daemon [_thread_blocked, id=13571, stack(0x0000000123543000,0x0000000123643000)]
  0x00007fc99880c000 JavaThread "Reference Handler" daemon [_thread_blocked, id=13059, stack(0x0000000123440000,0x0000000123540000)]
  0x00007fc99a001800 JavaThread "main" [_thread_in_native, id=4867, stack(0x0000000107995000,0x0000000107a95000)]

Other Threads:
  0x00007fc999053000 VMThread [stack: 0x000000012333d000,0x000000012343d000] [id=12547]
  0x00007fc99b000000 WatcherThread [stack: 0x0000000125588000,0x0000000125688000] [id=21251]

VM state:not at safepoint (normal execution)

VM Mutex/Monitor currently owned by a thread: None

Heap:
 PSYoungGen      total 76288K, used 8916K [0x000000076ab00000, 0x0000000770000000, 0x00000007c0000000)
  eden space 65536K, 6% used [0x000000076ab00000,0x000000076af65320,0x000000076eb00000)
  from space 10752K, 41% used [0x000000076eb00000,0x000000076ef50020,0x000000076f580000)
  to   space 10752K, 0% used [0x000000076f580000,0x000000076f580000,0x0000000770000000)
 ParOldGen       total 175104K, used 16K [0x00000006c0000000, 0x00000006cab00000, 0x000000076ab00000)
  object space 175104K, 0% used [0x00000006c0000000,0x00000006c0004000,0x00000006cab00000)
 Metaspace       used 9675K, capacity 9902K, committed 9984K, reserved 1058816K
  class space    used 1156K, capacity 1247K, committed 1280K, reserved 1048576K

Card table byte_map: [0x0000000116e57000,0x0000000117658000] byte_map_base: 0x0000000113857000

Marking Bits: (ParMarkBitMap*) 0x00000001072e6eb0
 Begin Bits: [0x00000001183c6000, 0x000000011c3c6000)
 End Bits:   [0x000000011c3c6000, 0x00000001203c6000)

Polling page: 0x00000001059c2000

CodeCache: size=245760Kb used=3476Kb max_used=3489Kb free=242283Kb
 bounds [0x0000000107a97000, 0x0000000107e07000, 0x0000000116a97000]
 total_blobs=1258 nmethods=804 adapters=368
 compilation: enabled

Compilation events (10 events):
Event: 114780.813 Thread 0x00007fc99c005800  800       3       sun.lwawt.macosx.NSEvent::isPopupTrigger (60 bytes)
Event: 114780.813 Thread 0x00007fc99c005800 nmethod 800 0x0000000107db7890 code [0x0000000107db7a00, 0x0000000107db7d30]
Event: 115071.883 Thread 0x00007fc99881a800  801       4       sun.lwawt.LWWindowPeer::notifyMouseEvent (661 bytes)
Event: 115071.902 Thread 0x00007fc99881f000  802       4       sun.lwawt.macosx.CPlatformView::deliverMouseEvent (85 bytes)
Event: 115071.907 Thread 0x00007fc99881f000 nmethod 802 0x0000000107df9750 code [0x0000000107df9a20, 0x0000000107dfa2f8]
Event: 115071.913 Thread 0x00007fc99881a800 nmethod 801 0x0000000107dfdfd0 code [0x0000000107dfe2e0, 0x0000000107e000e8]
Event: 115081.179 Thread 0x00007fc99881e800  803       4       java.awt.event.MouseEvent::<init> (250 bytes)
Event: 115081.183 Thread 0x00007fc99881e800 nmethod 803 0x0000000107df8c50 code [0x0000000107df8de0, 0x0000000107df91c8]
Event: 116564.648 Thread 0x00007fc99c005800  804 %     3       java.awt.EventDispatchThread::pumpEventsForFilter @ 10 (47 bytes)
Event: 116564.648 Thread 0x00007fc99c005800 nmethod 804% 0x0000000107df8250 code [0x0000000107df8420, 0x0000000107df89f8]

GC Heap History (2 events):
Event: 116565.147 GC heap before
{Heap before GC invocations=1 (full 0):
 PSYoungGen      total 76288K, used 65536K [0x000000076ab00000, 0x0000000770000000, 0x00000007c0000000)
  eden space 65536K, 100% used [0x000000076ab00000,0x000000076eb00000,0x000000076eb00000)
  from space 10752K, 0% used [0x000000076f580000,0x000000076f580000,0x0000000770000000)
  to   space 10752K, 0% used [0x000000076eb00000,0x000000076eb00000,0x000000076f580000)
 ParOldGen       total 175104K, used 0K [0x00000006c0000000, 0x00000006cab00000, 0x000000076ab00000)
  object space 175104K, 0% used [0x00000006c0000000,0x00000006c0000000,0x00000006cab00000)
 Metaspace       used 9675K, capacity 9902K, committed 9984K, reserved 1058816K
  class space    used 1156K, capacity 1247K, committed 1280K, reserved 1048576K
Event: 116565.176 GC heap after
Heap after GC invocations=1 (full 0):
 PSYoungGen      total 76288K, used 4416K [0x000000076ab00000, 0x0000000770000000, 0x00000007c0000000)
  eden space 65536K, 0% used [0x000000076ab00000,0x000000076ab00000,0x000000076eb00000)
  from space 10752K, 41% used [0x000000076eb00000,0x000000076ef50020,0x000000076f580000)
  to   space 10752K, 0% used [0x000000076f580000,0x000000076f580000,0x0000000770000000)
 ParOldGen       total 175104K, used 16K [0x00000006c0000000, 0x00000006cab00000, 0x000000076ab00000)
  object space 175104K, 0% used [0x00000006c0000000,0x00000006c0004000,0x00000006cab00000)
 Metaspace       used 9675K, capacity 9902K, committed 9984K, reserved 1058816K
  class space    used 1156K, capacity 1247K, committed 1280K, reserved 1048576K
}

Deoptimization events (10 events):
Event: 113493.023 Thread 0x00007fc99b86c000 Uncommon trap: reason=unstable_if action=reinterpret pc=0x0000000107d910f8 method=sun.lwawt.LWCursorManager.findComponent(Ljava/awt/Point;)Ljava/awt/Component; @ 7
Event: 113493.023 Thread 0x00007fc99b86c000 Uncommon trap: reason=unstable_if action=reinterpret pc=0x0000000107da6368 method=java.awt.EventQueue.uncacheEQItem(Lsun/awt/EventQueueItem;)V @ 10
Event: 113493.023 Thread 0x00007fc99b86c000 Uncommon trap: reason=unstable_if action=reinterpret pc=0x0000000107d96224 method=java.awt.LightweightDispatcher.dispatchEvent(Ljava/awt/AWTEvent;)Z @ 61
Event: 113493.035 Thread 0x00007fc99b86c000 Uncommon trap: reason=unstable_if action=reinterpret pc=0x0000000107d9d06c method=java.awt.EventQueue.uncacheEQItem(Lsun/awt/EventQueueItem;)V @ 10
Event: 113493.496 Thread 0x00007fc99b86c000 Uncommon trap: reason=unstable_if action=reinterpret pc=0x0000000107d7d7bc method=java.awt.EventQueue.uncacheEQItem(Lsun/awt/EventQueueItem;)V @ 10
Event: 114563.964 Thread 0x00007fc9988da000 Uncommon trap: reason=unstable_if action=reinterpret pc=0x0000000107dacbfc method=sun.lwawt.macosx.NSEvent.isPopupTrigger(I)Z @ 5
Event: 114563.968 Thread 0x00007fc9988da000 Uncommon trap: reason=unstable_if action=reinterpret pc=0x0000000107dbe090 method=java.awt.event.MouseEvent.<init>(Ljava/awt/Component;IJIIIIIIZI)V @ 231
Event: 114563.968 Thread 0x00007fc9988da000 Uncommon trap: reason=unstable_if action=reinterpret pc=0x0000000107db072c method=sun.lwawt.macosx.NSEvent.isPopupTrigger(I)Z @ 5
Event: 114564.000 Thread 0x00007fc9988da000 Uncommon trap: reason=unstable_if action=reinterpret pc=0x0000000107d9b1d8 method=java.awt.event.MouseEvent.<init>(Ljava/awt/Component;IJIIIIIIZI)V @ 231
Event: 114777.138 Thread 0x00007fc9988da000 Uncommon trap: reason=unstable_if action=reinterpret pc=0x0000000107d9acf0 method=sun.lwawt.macosx.NSEvent.isPopupTrigger(I)Z @ 5

Internal exceptions (10 events):
Event: 0.131 Thread 0x00007fc99a001800 Exception <a 'java/security/PrivilegedActionException'> (0x000000076ac2f9e8) thrown at [/Users/java_re/workspace/8-2-build-macosx-x86_64/jdk8u91/6644/hotspot/src/share/vm/prims/jvm.cpp, line 1386]
Event: 0.131 Thread 0x00007fc99a001800 Exception <a 'java/security/PrivilegedActionException'> (0x000000076ac2fbf8) thrown at [/Users/java_re/workspace/8-2-build-macosx-x86_64/jdk8u91/6644/hotspot/src/share/vm/prims/jvm.cpp, line 1386]
Event: 0.131 Thread 0x00007fc99a001800 Exception <a 'java/security/PrivilegedActionException'> (0x000000076ac33080) thrown at [/Users/java_re/workspace/8-2-build-macosx-x86_64/jdk8u91/6644/hotspot/src/share/vm/prims/jvm.cpp, line 1386]
Event: 0.131 Thread 0x00007fc99a001800 Exception <a 'java/security/PrivilegedActionException'> (0x000000076ac33290) thrown at [/Users/java_re/workspace/8-2-build-macosx-x86_64/jdk8u91/6644/hotspot/src/share/vm/prims/jvm.cpp, line 1386]
Event: 0.181 Thread 0x00007fc99a001800 Exception <a 'java/lang/NoSuchFieldError': method resolution failed> (0x000000076af90a70) thrown at [/Users/java_re/workspace/8-2-build-macosx-x86_64/jdk8u91/6644/hotspot/src/share/vm/prims/methodHandles.cpp, line 1146]
Event: 0.183 Thread 0x00007fc99a001800 Exception <a 'java/lang/NoSuchFieldError': method resolution failed> (0x000000076af9e1c0) thrown at [/Users/java_re/workspace/8-2-build-macosx-x86_64/jdk8u91/6644/hotspot/src/share/vm/prims/methodHandles.cpp, line 1146]
Event: 0.332 Thread 0x00007fc99a001800 Exception <a 'java/io/FileNotFoundException'> (0x000000076b0192d0) thrown at [/Users/java_re/workspace/8-2-build-macosx-x86_64/jdk8u91/6644/hotspot/src/share/vm/prims/jni.cpp, line 709]
Event: 0.332 Thread 0x00007fc99a001800 Exception <a 'java/io/FileNotFoundException'> (0x000000076b019e50) thrown at [/Users/java_re/workspace/8-2-build-macosx-x86_64/jdk8u91/6644/hotspot/src/share/vm/prims/jni.cpp, line 709]
Event: 113493.023 Thread 0x00007fc99b86c000 Implicit null exception at 0x0000000107d90400 to 0x0000000107d910e9
Event: 116565.178 Thread 0x00007fc99c806000 Exception <a 'java/lang/NullPointerException'> (0x000000076ad269e8) thrown at [/Users/java_re/workspace/8-2-build-macosx-x86_64/jdk8u91/6644/hotspot/src/share/vm/interpreter/linkResolver.cpp, line 1178]

Events (10 events):
Event: 114563.968 Thread 0x00007fc9988da000 DEOPT PACKING pc=0x0000000107db072c sp=0x00007fff5a392f40
Event: 114563.968 Thread 0x00007fc9988da000 DEOPT UNPACKING pc=0x0000000107a9c229 sp=0x00007fff5a392ea8 mode 2
Event: 114564.000 Thread 0x00007fc9988da000 Uncommon trap: trap_request=0xffffff65 fr.pc=0x0000000107d9b1d8
Event: 114564.000 Thread 0x00007fc9988da000 DEOPT PACKING pc=0x0000000107d9b1d8 sp=0x00007fff5a392d30
Event: 114564.000 Thread 0x00007fc9988da000 DEOPT UNPACKING pc=0x0000000107a9c229 sp=0x00007fff5a392d18 mode 2
Event: 114777.138 Thread 0x00007fc9988da000 Uncommon trap: trap_request=0xffffff65 fr.pc=0x0000000107d9acf0
Event: 114777.138 Thread 0x00007fc9988da000 DEOPT PACKING pc=0x0000000107d9acf0 sp=0x00007fff5a392e00
Event: 114777.138 Thread 0x00007fc9988da000 DEOPT UNPACKING pc=0x0000000107a9c229 sp=0x00007fff5a392da8 mode 2
Event: 116565.147 Executing VM operation: ParallelGCFailedAllocation
Event: 116565.176 Executing VM operation: ParallelGCFailedAllocation done


Dynamic libraries:
0x0000000006f43000 	/System/Library/Frameworks/Cocoa.framework/Versions/A/Cocoa
0x0000000006f43000 	/System/Library/Frameworks/Security.framework/Versions/A/Security
0x0000000006f43000 	/System/Library/Frameworks/ApplicationServices.framework/Versions/A/ApplicationServices
0x0000000006f43000 	/usr/lib/libz.1.dylib
0x0000000006f43000 	/usr/lib/libSystem.B.dylib
0x0000000006f43000 	/usr/lib/libobjc.A.dylib
0x0000000006f43000 	/System/Library/Frameworks/CoreFoundation.framework/Versions/A/CoreFoundation
0x0000000006f43000 	/System/Library/Frameworks/Foundation.framework/Versions/C/Foundation
0x0000000006f43000 	/System/Library/Frameworks/AppKit.framework/Versions/C/AppKit
0x0000000006f43000 	/System/Library/Frameworks/CoreData.framework/Versions/A/CoreData
0x0000000006f43000 	/System/Library/PrivateFrameworks/RemoteViewServices.framework/Versions/A/RemoteViewServices
0x0000000006f43000 	/System/Library/PrivateFrameworks/UIFoundation.framework/Versions/A/UIFoundation
0x0000000006f43000 	/System/Library/Frameworks/IOSurface.framework/Versions/A/IOSurface
0x0000000006f43000 	/System/Library/Frameworks/AudioToolbox.framework/Versions/A/AudioToolbox
0x0000000006f43000 	/System/Library/Frameworks/AudioUnit.framework/Versions/A/AudioUnit
0x0000000006f43000 	/System/Library/PrivateFrameworks/DataDetectorsCore.framework/Versions/A/DataDetectorsCore
0x0000000006f43000 	/System/Library/PrivateFrameworks/DesktopServicesPriv.framework/Versions/A/DesktopServicesPriv
0x0000000006f43000 	/System/Library/Frameworks/Carbon.framework/Versions/A/Frameworks/HIToolbox.framework/Versions/A/HIToolbox
0x0000000006f43000 	/System/Library/Frameworks/QuartzCore.framework/Versions/A/QuartzCore
0x0000000006f43000 	/System/Library/Frameworks/Carbon.framework/Versions/A/Frameworks/SpeechRecognition.framework/Versions/A/SpeechRecognition
0x0000000006f43000 	/usr/lib/libauto.dylib
0x0000000006f43000 	/usr/lib/libicucore.A.dylib
0x0000000006f43000 	/usr/lib/libxml2.2.dylib
0x0000000006f43000 	/System/Library/PrivateFrameworks/CoreUI.framework/Versions/A/CoreUI
0x0000000006f43000 	/System/Library/Frameworks/CoreAudio.framework/Versions/A/CoreAudio
0x0000000006f43000 	/System/Library/Frameworks/DiskArbitration.framework/Versions/A/DiskArbitration
0x0000000006f43000 	/usr/lib/liblangid.dylib
0x0000000006f43000 	/System/Library/PrivateFrameworks/MultitouchSupport.framework/Versions/A/MultitouchSupport
0x0000000006f43000 	/System/Library/Frameworks/IOKit.framework/Versions/A/IOKit
0x0000000006f43000 	/usr/lib/libDiagnosticMessagesClient.dylib
0x0000000006f43000 	/System/Library/Frameworks/CoreServices.framework/Versions/A/CoreServices
0x0000000006f43000 	/System/Library/PrivateFrameworks/PerformanceAnalysis.framework/Versions/A/PerformanceAnalysis
0x0000000006f43000 	/System/Library/PrivateFrameworks/GenerationalStorage.framework/Versions/A/GenerationalStorage
0x0000000006f43000 	/System/Library/Frameworks/OpenGL.framework/Versions/A/OpenGL
0x0000000006f43000 	/System/Library/PrivateFrameworks/Sharing.framework/Versions/A/Sharing
0x0000000006f43000 	/System/Library/Frameworks/CoreGraphics.framework/Versions/A/CoreGraphics
0x0000000006f43000 	/System/Library/Frameworks/CoreText.framework/Versions/A/CoreText
0x0000000006f43000 	/System/Library/Frameworks/ImageIO.framework/Versions/A/ImageIO
0x0000000006f43000 	/usr/lib/libextension.dylib
0x0000000006f43000 	/System/Library/PrivateFrameworks/Backup.framework/Versions/A/Backup
0x0000000006f43000 	/usr/lib/libarchive.2.dylib
0x0000000006f43000 	/System/Library/Frameworks/CFNetwork.framework/Versions/A/CFNetwork
0x0000000006f43000 	/System/Library/Frameworks/SystemConfiguration.framework/Versions/A/SystemConfiguration
0x0000000006f43000 	/usr/lib/libCRFSuite.dylib
0x0000000006f43000 	/usr/lib/libc++.1.dylib
0x0000000006f43000 	/usr/lib/libc++abi.dylib
0x0000000006f43000 	/usr/lib/system/libcache.dylib
0x0000000006f43000 	/usr/lib/system/libcommonCrypto.dylib
0x0000000006f43000 	/usr/lib/system/libcompiler_rt.dylib
0x0000000006f43000 	/usr/lib/system/libcopyfile.dylib
0x0000000006f43000 	/usr/lib/system/libcorecrypto.dylib
0x0000000006f43000 	/usr/lib/system/libdispatch.dylib
0x0000000006f43000 	/usr/lib/system/libdyld.dylib
0x0000000006f43000 	/usr/lib/system/libkeymgr.dylib
0x0000000006f43000 	/usr/lib/system/liblaunch.dylib
0x0000000006f43000 	/usr/lib/system/libmacho.dylib
0x0000000006f43000 	/usr/lib/system/libquarantine.dylib
0x0000000006f43000 	/usr/lib/system/libremovefile.dylib
0x0000000006f43000 	/usr/lib/system/libsystem_asl.dylib
0x0000000006f43000 	/usr/lib/system/libsystem_blocks.dylib
0x0000000006f43000 	/usr/lib/system/libsystem_c.dylib
0x0000000006f43000 	/usr/lib/system/libsystem_configuration.dylib
0x0000000006f43000 	/usr/lib/system/libsystem_coreservices.dylib
0x0000000006f43000 	/usr/lib/system/libsystem_coretls.dylib
0x0000000006f43000 	/usr/lib/system/libsystem_dnssd.dylib
0x0000000006f43000 	/usr/lib/system/libsystem_info.dylib
0x0000000006f43000 	/usr/lib/system/libsystem_kernel.dylib
0x0000000006f43000 	/usr/lib/system/libsystem_m.dylib
0x0000000006f43000 	/usr/lib/system/libsystem_malloc.dylib
0x0000000006f43000 	/usr/lib/system/libsystem_network.dylib
0x0000000006f43000 	/usr/lib/system/libsystem_networkextension.dylib
0x0000000006f43000 	/usr/lib/system/libsystem_notify.dylib
0x0000000006f43000 	/usr/lib/system/libsystem_platform.dylib
0x0000000006f43000 	/usr/lib/system/libsystem_pthread.dylib
0x0000000006f43000 	/usr/lib/system/libsystem_sandbox.dylib
0x0000000006f43000 	/usr/lib/system/libsystem_secinit.dylib
0x0000000006f43000 	/usr/lib/system/libsystem_stats.dylib
0x0000000006f43000 	/usr/lib/system/libsystem_trace.dylib
0x0000000006f43000 	/usr/lib/system/libunc.dylib
0x0000000006f43000 	/usr/lib/system/libunwind.dylib
0x0000000006f43000 	/usr/lib/system/libxpc.dylib
0x0000000006f43000 	/usr/lib/libbz2.1.0.dylib
0x0000000006f43000 	/usr/lib/liblzma.5.dylib
0x0000000006f43000 	/usr/lib/libbsm.0.dylib
0x0000000006f43000 	/usr/lib/libsqlite3.dylib
0x0000000006f43000 	/usr/lib/system/libkxld.dylib
0x0000000006f43000 	/usr/lib/libxar.1.dylib
0x0000000006f43000 	/usr/lib/libpam.2.dylib
0x0000000006f43000 	/usr/lib/libOpenScriptingUtil.dylib
0x0000000006f43000 	/System/Library/Frameworks/CoreServices.framework/Versions/A/Frameworks/FSEvents.framework/Versions/A/FSEvents
0x0000000006f43000 	/System/Library/Frameworks/CoreServices.framework/Versions/A/Frameworks/CarbonCore.framework/Versions/A/CarbonCore
0x0000000006f43000 	/System/Library/Frameworks/CoreServices.framework/Versions/A/Frameworks/Metadata.framework/Versions/A/Metadata
0x0000000006f43000 	/System/Library/Frameworks/CoreServices.framework/Versions/A/Frameworks/OSServices.framework/Versions/A/OSServices
0x0000000006f43000 	/System/Library/Frameworks/CoreServices.framework/Versions/A/Frameworks/SearchKit.framework/Versions/A/SearchKit
0x0000000006f43000 	/System/Library/Frameworks/CoreServices.framework/Versions/A/Frameworks/AE.framework/Versions/A/AE
0x0000000006f43000 	/System/Library/Frameworks/CoreServices.framework/Versions/A/Frameworks/LaunchServices.framework/Versions/A/LaunchServices
0x0000000006f43000 	/System/Library/Frameworks/CoreServices.framework/Versions/A/Frameworks/DictionaryServices.framework/Versions/A/DictionaryServices
0x0000000006f43000 	/System/Library/Frameworks/NetFS.framework/Versions/A/NetFS
0x0000000006f43000 	/System/Library/PrivateFrameworks/NetAuth.framework/Versions/A/NetAuth
0x0000000006f43000 	/System/Library/PrivateFrameworks/login.framework/Versions/A/Frameworks/loginsupport.framework/Versions/A/loginsupport
0x0000000006f43000 	/System/Library/PrivateFrameworks/TCC.framework/Versions/A/TCC
0x0000000006f43000 	/usr/lib/libmecabra.dylib
0x0000000006f43000 	/System/Library/Frameworks/ApplicationServices.framework/Versions/A/Frameworks/ATS.framework/Versions/A/ATS
0x0000000006f43000 	/System/Library/Frameworks/ApplicationServices.framework/Versions/A/Frameworks/ColorSync.framework/Versions/A/ColorSync
0x0000000006f43000 	/System/Library/Frameworks/ApplicationServices.framework/Versions/A/Frameworks/HIServices.framework/Versions/A/HIServices
0x0000000006f43000 	/System/Library/Frameworks/ApplicationServices.framework/Versions/A/Frameworks/LangAnalysis.framework/Versions/A/LangAnalysis
0x0000000006f43000 	/System/Library/Frameworks/ApplicationServices.framework/Versions/A/Frameworks/PrintCore.framework/Versions/A/PrintCore
0x0000000006f43000 	/System/Library/Frameworks/ApplicationServices.framework/Versions/A/Frameworks/QD.framework/Versions/A/QD
0x0000000006f43000 	/System/Library/Frameworks/ApplicationServices.framework/Versions/A/Frameworks/SpeechSynthesis.framework/Versions/A/SpeechSynthesis
0x0000000006f43000 	/System/Library/Frameworks/Accelerate.framework/Versions/A/Accelerate
0x0000000006f43000 	/System/Library/Frameworks/Accelerate.framework/Versions/A/Frameworks/vImage.framework/Versions/A/vImage
0x0000000006f43000 	/System/Library/Frameworks/Accelerate.framework/Versions/A/Frameworks/vecLib.framework/Versions/A/vecLib
0x0000000006f43000 	/System/Library/Frameworks/Accelerate.framework/Versions/A/Frameworks/vecLib.framework/Versions/A/libvDSP.dylib
0x0000000006f43000 	/System/Library/Frameworks/Accelerate.framework/Versions/A/Frameworks/vecLib.framework/Versions/A/libvMisc.dylib
0x0000000006f43000 	/System/Library/Frameworks/Accelerate.framework/Versions/A/Frameworks/vecLib.framework/Versions/A/libLAPACK.dylib
0x0000000006f43000 	/System/Library/Frameworks/Accelerate.framework/Versions/A/Frameworks/vecLib.framework/Versions/A/libBLAS.dylib
0x0000000006f43000 	/System/Library/Frameworks/Accelerate.framework/Versions/A/Frameworks/vecLib.framework/Versions/A/libLinearAlgebra.dylib
0x0000000006f43000 	/System/Library/Frameworks/ApplicationServices.framework/Versions/A/Frameworks/ATS.framework/Versions/A/Resources/libFontParser.dylib
0x0000000006f43000 	/System/Library/Frameworks/ApplicationServices.framework/Versions/A/Frameworks/ATS.framework/Versions/A/Resources/libFontRegistry.dylib
0x0000000006f43000 	/System/Library/PrivateFrameworks/AppleVPA.framework/Versions/A/AppleVPA
0x0000000006f43000 	/System/Library/PrivateFrameworks/AppleJPEG.framework/Versions/A/AppleJPEG
0x0000000006f43000 	/System/Library/Frameworks/ImageIO.framework/Versions/A/Resources/libJPEG.dylib
0x0000000006f43000 	/System/Library/Frameworks/ImageIO.framework/Versions/A/Resources/libTIFF.dylib
0x0000000006f43000 	/System/Library/Frameworks/ImageIO.framework/Versions/A/Resources/libPng.dylib
0x0000000006f43000 	/System/Library/Frameworks/ImageIO.framework/Versions/A/Resources/libGIF.dylib
0x0000000006f43000 	/System/Library/Frameworks/ImageIO.framework/Versions/A/Resources/libJP2.dylib
0x0000000006f43000 	/System/Library/Frameworks/ImageIO.framework/Versions/A/Resources/libRadiance.dylib
0x0000000006f43000 	/System/Library/Frameworks/CoreVideo.framework/Versions/A/CoreVideo
0x0000000006f43000 	/System/Library/Frameworks/OpenGL.framework/Versions/A/Libraries/libGLU.dylib
0x0000000006f43000 	/System/Library/Frameworks/OpenGL.framework/Versions/A/Libraries/libGFXShared.dylib
0x0000000006f43000 	/System/Library/Frameworks/OpenGL.framework/Versions/A/Libraries/libGL.dylib
0x0000000006f43000 	/System/Library/Frameworks/OpenGL.framework/Versions/A/Libraries/libGLImage.dylib
0x0000000006f43000 	/System/Library/Frameworks/OpenGL.framework/Versions/A/Libraries/libCVMSPluginSupport.dylib
0x0000000006f43000 	/System/Library/Frameworks/OpenGL.framework/Versions/A/Libraries/libCoreVMClient.dylib
0x0000000006f43000 	/usr/lib/libcups.2.dylib
0x0000000006f43000 	/System/Library/Frameworks/Kerberos.framework/Versions/A/Kerberos
0x0000000006f43000 	/System/Library/Frameworks/GSS.framework/Versions/A/GSS
0x0000000006f43000 	/usr/lib/libresolv.9.dylib
0x0000000006f43000 	/usr/lib/libiconv.2.dylib
0x0000000006f43000 	/System/Library/PrivateFrameworks/Heimdal.framework/Versions/A/Heimdal
0x0000000006f43000 	/usr/lib/libheimdal-asn1.dylib
0x0000000006f43000 	/System/Library/Frameworks/OpenDirectory.framework/Versions/A/OpenDirectory
0x0000000006f43000 	/System/Library/PrivateFrameworks/CommonAuth.framework/Versions/A/CommonAuth
0x0000000006f43000 	/System/Library/Frameworks/OpenDirectory.framework/Versions/A/Frameworks/CFOpenDirectory.framework/Versions/A/CFOpenDirectory
0x0000000006f43000 	/System/Library/Frameworks/SecurityFoundation.framework/Versions/A/SecurityFoundation
0x0000000006f43000 	/System/Library/PrivateFrameworks/LanguageModeling.framework/Versions/A/LanguageModeling
0x0000000006f43000 	/usr/lib/libcmph.dylib
0x0000000006f43000 	/System/Library/Frameworks/ServiceManagement.framework/Versions/A/ServiceManagement
0x0000000006f43000 	/usr/lib/libxslt.1.dylib
0x0000000006f43000 	/System/Library/Frameworks/Carbon.framework/Versions/A/Frameworks/Ink.framework/Versions/A/Ink
0x0000000006f43000 	/System/Library/Frameworks/QuartzCore.framework/Versions/A/Frameworks/CoreImage.framework/Versions/A/CoreImage
0x0000000006f43000 	/System/Library/PrivateFrameworks/CrashReporterSupport.framework/Versions/A/CrashReporterSupport
0x0000000006f43000 	/System/Library/Frameworks/OpenCL.framework/Versions/A/OpenCL
0x0000000006f43000 	/System/Library/PrivateFrameworks/FaceCore.framework/Versions/A/FaceCore
0x0000000006f43000 	/System/Library/PrivateFrameworks/Ubiquity.framework/Versions/A/Ubiquity
0x0000000006f43000 	/System/Library/PrivateFrameworks/IconServices.framework/Versions/A/IconServices
0x0000000006f43000 	/System/Library/PrivateFrameworks/ChunkingLibrary.framework/Versions/A/ChunkingLibrary
0x0000000006f43000 	/System/Library/PrivateFrameworks/Apple80211.framework/Versions/A/Apple80211
0x0000000006f43000 	/System/Library/Frameworks/CoreWLAN.framework/Versions/A/CoreWLAN
0x0000000006f43000 	/System/Library/Frameworks/IOBluetooth.framework/Versions/A/IOBluetooth
0x0000000006f43000 	/System/Library/PrivateFrameworks/CoreWiFi.framework/Versions/A/CoreWiFi
0x0000000006f43000 	/System/Library/Frameworks/CoreBluetooth.framework/Versions/A/CoreBluetooth
0x0000000006f43000 	/System/Library/PrivateFrameworks/DebugSymbols.framework/Versions/A/DebugSymbols
0x0000000006f43000 	/System/Library/PrivateFrameworks/CoreSymbolication.framework/Versions/A/CoreSymbolication
0x0000000006f43000 	/System/Library/PrivateFrameworks/Symbolication.framework/Versions/A/Symbolication
0x0000000006f43000 	/System/Library/PrivateFrameworks/SpeechRecognitionCore.framework/Versions/A/SpeechRecognitionCore
0x0000000106a00000 	/Library/Java/JavaVirtualMachines/jdk1.8.0_91.jdk/Contents/Home/jre/lib/server/libjvm.dylib
0x0000000006f43000 	/usr/lib/libstdc++.6.dylib
0x000000010597f000 	/Library/Java/JavaVirtualMachines/jdk1.8.0_91.jdk/Contents/Home/jre/lib/libverify.dylib
0x000000010598d000 	/Library/Java/JavaVirtualMachines/jdk1.8.0_91.jdk/Contents/Home/jre/lib/libjava.dylib
0x00000001059cc000 	/Library/Java/JavaVirtualMachines/jdk1.8.0_91.jdk/Contents/Home/jre/lib/libzip.dylib
0x0000000123645000 	/System/Library/Frameworks/JavaVM.framework/Frameworks/JavaRuntimeSupport.framework/JavaRuntimeSupport
0x000000012365d000 	/System/Library/Frameworks/JavaVM.framework/Versions/A/Frameworks/JavaNativeFoundation.framework/Versions/A/JavaNativeFoundation
0x0000000123672000 	/System/Library/Frameworks/JavaVM.framework/Versions/A/JavaVM
0x0000000006f43000 	/System/Library/Frameworks/Carbon.framework/Versions/A/Carbon
0x000000012367f000 	/System/Library/PrivateFrameworks/JavaLaunching.framework/Versions/A/JavaLaunching
0x0000000006f43000 	/System/Library/Frameworks/Carbon.framework/Versions/A/Frameworks/CommonPanels.framework/Versions/A/CommonPanels
0x0000000006f43000 	/System/Library/Frameworks/Carbon.framework/Versions/A/Frameworks/Help.framework/Versions/A/Help
0x0000000006f43000 	/System/Library/Frameworks/Carbon.framework/Versions/A/Frameworks/ImageCapture.framework/Versions/A/ImageCapture
0x0000000006f43000 	/System/Library/Frameworks/Carbon.framework/Versions/A/Frameworks/OpenScripting.framework/Versions/A/OpenScripting
0x0000000006f43000 	/System/Library/Frameworks/Carbon.framework/Versions/A/Frameworks/Print.framework/Versions/A/Print
0x0000000006f43000 	/System/Library/Frameworks/Carbon.framework/Versions/A/Frameworks/SecurityHI.framework/Versions/A/SecurityHI
0x00000001257d3000 	/Applications/IntelliJ IDEA CE.app/Contents/bin/libbreakgen64.jnilib
0x00000001258d9000 	/Library/Java/JavaVirtualMachines/jdk1.8.0_91.jdk/Contents/Home/jre/lib/libnet.dylib
0x0000000125938000 	/Library/Java/JavaVirtualMachines/jdk1.8.0_91.jdk/Contents/Home/jre/lib/libawt.dylib
0x00000001259e0000 	/Library/Java/JavaVirtualMachines/jdk1.8.0_91.jdk/Contents/Home/jre/lib/./libmlib_image.dylib
0x0000000125aac000 	/Library/Java/JavaVirtualMachines/jdk1.8.0_91.jdk/Contents/Home/jre/lib/libawt_lwawt.dylib
0x0000000125b61000 	/Library/Java/JavaVirtualMachines/jdk1.8.0_91.jdk/Contents/Home/jre/lib/./libosxapp.dylib
0x0000000006f43000 	/System/Library/Frameworks/ExceptionHandling.framework/Versions/A/ExceptionHandling
0x0000000006f43000 	/System/Library/PrivateFrameworks/CoreServicesInternal.framework/Versions/A/CoreServicesInternal
0x0000000006f43000 	/System/Library/PrivateFrameworks/CloudDocs.framework/Versions/A/CloudDocs
0x0000000006f43000 	/System/Library/PrivateFrameworks/CoreDuet.framework/Versions/A/CoreDuet
0x0000000006f43000 	/System/Library/Frameworks/CloudKit.framework/Versions/A/CloudKit
0x0000000006f43000 	/System/Library/PrivateFrameworks/ProtocolBuffer.framework/Versions/A/ProtocolBuffer
0x0000000006f43000 	/System/Library/PrivateFrameworks/CoreDuetDaemonProtocol.framework/Versions/A/CoreDuetDaemonProtocol
0x0000000006f43000 	/System/Library/PrivateFrameworks/CoreDuetDebugLogging.framework/Versions/A/CoreDuetDebugLogging
0x0000000006f43000 	/System/Library/PrivateFrameworks/MMCS.framework/Versions/A/MMCS
0x0000000006f43000 	/System/Library/Frameworks/CoreLocation.framework/Versions/A/CoreLocation
0x0000000006f43000 	/System/Library/PrivateFrameworks/ProtectedCloudStorage.framework/Versions/A/ProtectedCloudStorage
0x0000000006f43000 	/System/Library/PrivateFrameworks/GeoServices.framework/Versions/A/GeoServices
0x0000000006f43000 	/System/Library/Frameworks/CoreGraphics.framework/Versions/A/Resources/libCGCMS.A.dylib
0x0000000006f43000 	/System/Library/Frameworks/CoreGraphics.framework/Versions/A/Resources/libRIP.A.dylib
0x0000000006f43000 	/System/Library/Frameworks/CoreGraphics.framework/Versions/A/Resources/libCGXType.A.dylib
0x0000000006f43000 	/System/Library/Frameworks/OpenCL.framework/Versions/A/Libraries/libcldcpuengine.dylib
0x0000000006f43000 	/System/Library/PrivateFrameworks/DiskImages.framework/Versions/A/DiskImages
0x0000000006f43000 	/System/Library/Frameworks/DiscRecording.framework/Versions/A/DiscRecording
0x0000000006f43000 	/usr/lib/libcsfde.dylib
0x0000000006f43000 	/usr/lib/libcurl.4.dylib
0x0000000006f43000 	/System/Library/PrivateFrameworks/MediaKit.framework/Versions/A/MediaKit
0x0000000006f43000 	/usr/lib/libCoreStorage.dylib
0x0000000006f43000 	/System/Library/PrivateFrameworks/EFILogin.framework/Versions/A/EFILogin
0x0000000006f43000 	/usr/lib/libutil.dylib
0x0000000006f43000 	/System/Library/PrivateFrameworks/FindMyDevice.framework/Versions/A/FindMyDevice
0x0000000006f43000 	/System/Library/Frameworks/LDAP.framework/Versions/A/LDAP
0x0000000006f43000 	/usr/lib/libsasl2.2.dylib
0x0000000006f43000 	/System/Library/PrivateFrameworks/CoreDaemon.framework/Versions/B/CoreDaemon
0x0000000006f43000 	/usr/lib/libcrypto.0.9.8.dylib
0x0000000006f43000 	/System/Library/PrivateFrameworks/AppleSRP.framework/Versions/A/AppleSRP
0x0000000006f43000 	/System/Library/PrivateFrameworks/TrustEvaluationAgent.framework/Versions/A/TrustEvaluationAgent
0x0000000128d08000 	cl_kernels
0x0000000128d0a000 	/System/Library/Frameworks/OpenCL.framework/Versions/A/Libraries/ImageFormats/unorm8_bgra.dylib
0x0000000128cfa000 	cl_kernels
0x0000000006f43000 	/System/Library/PrivateFrameworks/FamilyControls.framework/Versions/A/FamilyControls
0x0000000006f43000 	/System/Library/PrivateFrameworks/CommerceKit.framework/Versions/A/Frameworks/CommerceCore.framework/Versions/A/CommerceCore
0x0000000006f43000 	/System/Library/PrivateFrameworks/SystemAdministration.framework/Versions/A/SystemAdministration
0x0000000006f43000 	/System/Library/PrivateFrameworks/AppContainer.framework/Versions/A/AppContainer
0x0000000006f43000 	/System/Library/PrivateFrameworks/SecCodeWrapper.framework/Versions/A/SecCodeWrapper
0x0000000006f43000 	/System/Library/Frameworks/DirectoryService.framework/Versions/A/DirectoryService
0x0000000006f43000 	/System/Library/PrivateFrameworks/LoginUIKit.framework/Versions/A/Frameworks/LoginUICore.framework/Versions/A/LoginUICore
0x0000000006f43000 	/usr/lib/libodfde.dylib
0x0000000006f43000 	/System/Library/Frameworks/OpenGL.framework/Versions/A/Resources/GLEngine.bundle/GLEngine
0x0000000006f43000 	/System/Library/Frameworks/OpenGL.framework/Versions/A/Libraries/libGLProgrammability.dylib
0x0000000000000000 	/System/Library/Extensions/AppleIntelHD5000GraphicsGLDriver.bundle/Contents/MacOS/AppleIntelHD5000GraphicsGLDriver
0x0000000006f43000 	/System/Library/PrivateFrameworks/IOAccelerator.framework/Versions/A/IOAccelerator
0x0000000006f43000 	/System/Library/PrivateFrameworks/GPUSupport.framework/Versions/A/Libraries/libGPUSupportMercury.dylib
0x0000000006f43000 	/System/Library/Frameworks/OpenGL.framework/Versions/A/Resources/GLRendererFloat.bundle/GLRendererFloat
0x000000012acbe000 	/Library/Java/JavaVirtualMachines/jdk1.8.0_91.jdk/Contents/Home/jre/lib/libfontmanager.dylib
0x000000012ad25000 	/Library/Java/JavaVirtualMachines/jdk1.8.0_91.jdk/Contents/Home/jre/lib/libosxui.dylib

VM Arguments:
jvm_args: -Didea.launcher.port=7532 -Didea.launcher.bin.path=/Applications/IntelliJ IDEA CE.app/Contents/bin -Dfile.encoding=UTF-8 
java_command: com.intellij.rt.execution.application.AppMain TicTacToe
java_class_path (initial): /Library/Java/JavaVirtualMachines/jdk1.8.0_91.jdk/Contents/Home/jre/lib/charsets.jar:/Library/Java/JavaVirtualMachines/jdk1.8.0_91.jdk/Contents/Home/jre/lib/deploy.jar:/Library/Java/JavaVirtualMachines/jdk1.8.0_91.jdk/Contents/Home/jre/lib/ext/cldrdata.jar:/Library/Java/JavaVirtualMachines/jdk1.8.0_91.jdk/Contents/Home/jre/lib/ext/dnsns.jar:/Library/Java/JavaVirtualMachines/jdk1.8.0_91.jdk/Contents/Home/jre/lib/ext/jaccess.jar:/Library/Java/JavaVirtualMachines/jdk1.8.0_91.jdk/Contents/Home/jre/lib/ext/jfxrt.jar:/Library/Java/JavaVirtualMachines/jdk1.8.0_91.jdk/Contents/Home/jre/lib/ext/localedata.jar:/Library/Java/JavaVirtualMachines/jdk1.8.0_91.jdk/Contents/Home/jre/lib/ext/nashorn.jar:/Library/Java/JavaVirtualMachines/jdk1.8.0_91.jdk/Contents/Home/jre/lib/ext/sunec.jar:/Library/Java/JavaVirtualMachines/jdk1.8.0_91.jdk/Contents/Home/jre/lib/ext/sunjce_provider.jar:/Library/Java/JavaVirtualMachines/jdk1.8.0_91.jdk/Contents/Home/jre/lib/ext/sunpkcs11.jar:/Library/Java/JavaVirtualMachines/jdk1.8.0_91.jdk/Contents/Home/jre/lib/ext/zipfs.jar:/Library/Java/JavaVirtualMachines/jdk1.8.0_91.jdk/Contents/Home/jre/lib/javaws.jar:/Library/Java/JavaVirtualMachines/jdk1.8.0_91.jdk/Contents/Home/jre/lib/jce.jar:/Library/Java/JavaVirtualMachines/jdk1.8.0_91.jdk/Contents/Home/jre/lib/jfr.jar:/Library/Java/JavaVirtualMachines/jdk1.8.0_91.jdk/Contents/Home/jre/lib/jfxswt.jar:/Library/Java/JavaVirtualMachines/jdk1.8.0_91.jdk/Contents/Home/jre/lib/jsse.jar:/Library/Java/JavaVirtualMachines/jdk1.8.0_91.jdk/Contents/Home/jre/lib/management-agent.jar:/Library/Java/JavaVirtualMachines/jdk1.8.0_91.jdk/Contents/Home/jre/lib/plugin.jar:/Library/Java/JavaVirtualMachines/jdk1.8.0_91.jdk/Contents/Home/jre/lib/resources.jar:/Library/Java/JavaVirtualMachines/jdk1.8.0_91.jdk/Contents/Home/jre/lib/rt.jar:/Library/Java/JavaVirtualMachines/jdk1.8.0_91.jdk/Contents/Home/lib/ant-javafx.jar:/Library/Java/JavaVirtualMachines/jdk1.8.0_91.jdk/Contents/Home/lib/dt.jar:/Library/Ja
Launcher Type: SUN_STANDARD

Environment Variables:
PATH=/usr/local/bin:/usr/bin:/bin:/usr/sbin:/sbin
SHELL=/bin/bash

Signal Handlers:
SIGSEGV: [libjvm.dylib+0x5a97a1], sa_mask[0]=11111111011111110111111111111111, sa_flags=SA_ONSTACK|SA_RESTART|SA_SIGINFO
SIGBUS: [libjvm.dylib+0x5a97a1], sa_mask[0]=11111111011111110111111111111111, sa_flags=SA_RESTART|SA_SIGINFO
SIGFPE: [libjvm.dylib+0x482594], sa_mask[0]=11111111011111110111111111111111, sa_flags=SA_RESTART|SA_SIGINFO
SIGPIPE: [libjvm.dylib+0x482594], sa_mask[0]=11111111011111110111111111111111, sa_flags=SA_RESTART|SA_SIGINFO
SIGXFSZ: [libjvm.dylib+0x482594], sa_mask[0]=11111111011111110111111111111111, sa_flags=SA_RESTART|SA_SIGINFO
SIGILL: [libjvm.dylib+0x482594], sa_mask[0]=11111111011111110111111111111111, sa_flags=SA_RESTART|SA_SIGINFO
SIGUSR1: SIG_DFL, sa_mask[0]=00000000000000000000000000000000, sa_flags=none
SIGUSR2: [libjvm.dylib+0x4820b2], sa_mask[0]=00100000000000000000000000000000, sa_flags=SA_RESTART|SA_SIGINFO
SIGHUP: [libjvm.dylib+0x480689], sa_mask[0]=11111111011111110111111111111111, sa_flags=SA_RESTART|SA_SIGINFO
SIGINT: [libjvm.dylib+0x480689], sa_mask[0]=11111111011111110111111111111111, sa_flags=SA_RESTART|SA_SIGINFO
SIGTERM: [libjvm.dylib+0x480689], sa_mask[0]=11111111011111110111111111111111, sa_flags=SA_RESTART|SA_SIGINFO
SIGQUIT: [libjvm.dylib+0x480689], sa_mask[0]=11111111011111110111111111111111, sa_flags=SA_RESTART|SA_SIGINFO


---------------  S Y S T E M  ---------------

OS:Bsduname:Darwin 14.3.0 Darwin Kernel Version 14.3.0: Mon Mar 23 11:59:05 PDT 2015; root:xnu-2782.20.48~5/RELEASE_X86_64 x86_64
rlimit: STACK 8192k, CORE 0k, NPROC 709, NOFILE 10240, AS infinity
load average:3.19 2.81 2.85

CPU:total 8 (4 cores per cpu, 2 threads per core) family 6 model 70 stepping 1, cmov, cx8, fxsr, mmx, sse, sse2, sse3, ssse3, sse4.1, sse4.2, popcnt, avx, avx2, aes, clmul, erms, rtm, lzcnt, ht, tsc, tscinvbit, bmi1, bmi2

Memory: 4k page, physical 16777216k(253204k free)

/proc/meminfo:


vm_info: Java HotSpot(TM) 64-Bit Server VM (25.91-b14) for bsd-amd64 JRE (1.8.0_91-b14), built on Apr  1 2016 01:03:00 by "java_re" with gcc 4.2.1 (Based on Apple Inc. build 5658) (LLVM build 2336.11.00)

time: Sun Jul 31 23:46:29 2016
elapsed time: 116565 seconds (1d 8h 22m 45s)

